<?xml version="1.0" encoding="UTF-8"?>
<!-- Generated by org.testng.reporters.JUnitXMLReporter -->
<testsuite hostname="DEL-BBQ0PQ2" ignored="0" name="Login Functionality" tests="3" failures="1" timestamp="23 Jul 2020 12:40:51 GMT" time="30.672" errors="0">
  <testcase name="loginTest" time="13.756" classname="Pages.yahooLogin">
    <failure type="java.lang.AssertionError" message="The following asserts failed:
	expected [true] but found [false]">
      <![CDATA[java.lang.AssertionError: The following asserts failed:
expected [true] but found [false]
at Pages.yahooLogin.loginTest(yahooLogin.java:46)
... Removed 25 stack frames]]>
    </failure>
  </testcase> <!-- loginTest -->
  <testcase name="openBrowser" time="9.381" classname="Pages.loginFacebook"/>
  <testcase name="homepage" time="6.849" classname="Pages.loginFacebook"/>
</testsuite> <!-- Login Functionality -->
